<?xml version="1.0" encoding="UTF-8"?>
<!-- Generated by org.testng.reporters.JUnitReportReporter -->
<testsuite hostname="WIN-NQS2KO6930I" failures="0" tests="1" name="tests.TwoTest" time="22.168" errors="0" timestamp="2023-09-25T11:45:19 IST" skipped="0">
  <testcase classname="tests.TwoTest" name="testtwo" time="22.168"/>
  <system-out/>
</testsuite> <!-- tests.TwoTest -->
