<?xml version="1.0" encoding="UTF-8"?>
<!-- Generated by org.testng.reporters.JUnitReportReporter -->
<testsuite hostname="WIN-NQS2KO6930I" failures="0" tests="1" name="runner.Runner" time="53.285" errors="0" timestamp="2023-09-25T12:58:40 IST" skipped="0">
  <testcase classname="runner.Runner" name="runScenario" time="53.285"/>
</testsuite> <!-- runner.Runner -->
