<?xml version="1.0" encoding="UTF-8"?>
<!-- Generated by org.testng.reporters.JUnitReportReporter -->
<testsuite hostname="WIN-NQS2KO6930I" failures="0" tests="2" name="tests.LoginTest" time="85.547" errors="0" timestamp="2023-09-24T16:05:41 IST" skipped="0">
  <testcase classname="tests.LoginTest" name="login" time="58.406"/>
  <testcase classname="tests.LoginTest" name="login" time="27.141"/>
</testsuite> <!-- tests.LoginTest -->
