<?xml version="1.0" encoding="UTF-8"?>
<!-- Generated by org.testng.reporters.JUnitReportReporter -->
<testsuite hostname="WIN-NQS2KO6930I" failures="0" tests="1" name="tests.ThreeTest" time="0.000" errors="0" timestamp="2023-09-24T16:05:41 IST" skipped="0">
  <testcase classname="tests.ThreeTest" name="testthree" time="0.000"/>
</testsuite> <!-- tests.ThreeTest -->
