<?xml version="1.0" encoding="UTF-8"?>
<!-- Generated by org.testng.reporters.JUnitReportReporter -->
<testsuite hostname="WIN-NQS2KO6930I" failures="0" tests="1" name="tests.FourTest" time="0.015" errors="0" timestamp="2023-09-24T16:05:41 IST" skipped="0">
  <testcase classname="tests.FourTest" name="testfour" time="0.015"/>
</testsuite> <!-- tests.FourTest -->
